<?xml version="1.0" encoding="UTF-8"?>
<coverage generated="1625684679593" clover="3.2.0">
  <project timestamp="1625684679593" name="All files">
    <metrics statements="8" coveredstatements="8" conditionals="0" coveredconditionals="0" methods="5" coveredmethods="5" elements="13" coveredelements="13" complexity="0" loc="8" ncloc="8" packages="1" files="3" classes="3"/>
    <file name="EmailValidation.vue" path="C:\Users\jamal\Documents\CourseBWA\testingVueApp\basic_vue_test_utils\src\EmailValidation.vue">
      <metrics statements="4" coveredstatements="4" conditionals="0" coveredconditionals="0" methods="2" coveredmethods="2"/>
      <line num="17" count="5" type="stmt"/>
      <line num="24" count="5" type="stmt"/>
      <line num="25" count="5" type="stmt"/>
      <line num="26" count="5" type="stmt"/>
    </file>
    <file name="Greeting.vue" path="C:\Users\jamal\Documents\CourseBWA\testingVueApp\basic_vue_test_utils\src\Greeting.vue">
      <metrics statements="1" coveredstatements="1" conditionals="0" coveredconditionals="0" methods="1" coveredmethods="1"/>
      <line num="17" count="2" type="stmt"/>
    </file>
    <file name="RandomGenerator.vue" path="C:\Users\jamal\Documents\CourseBWA\testingVueApp\basic_vue_test_utils\src\RandomGenerator.vue">
      <metrics statements="3" coveredstatements="3" conditionals="0" coveredconditionals="0" methods="2" coveredmethods="2"/>
      <line num="17" count="2" type="stmt"/>
      <line num="23" count="2" type="stmt"/>
      <line num="24" count="2" type="stmt"/>
    </file>
  </project>
</coverage>
