{"C:\\Users\\jamal\\Documents\\CourseBWA\\testingVueApp\\basic_vue_test_utils\\src\\Greeting.vue": {"path":"C:\\Users\\jamal\\Documents\\CourseBWA\\testingVueApp\\basic_vue_test_utils\\src\\Greeting.vue","statementMap":{"0":{"start":{"line":17,"column":0},"end":{"line":17,"column":null}}},"fnMap":{"0":{"name":"(anonymous_1)","decl":{"start":{"line":16,"column":0},"end":{"line":16,"column":null}},"loc":{"start":{"line":16,"column":0},"end":{"line":21,"column":null}}}},"branchMap":{},"s":{"0":2},"f":{"0":2},"b":{}}
,"C:\\Users\\jamal\\Documents\\CourseBWA\\testingVueApp\\basic_vue_test_utils\\src\\RandomGenerator.vue": {"path":"C:\\Users\\jamal\\Documents\\CourseBWA\\testingVueApp\\basic_vue_test_utils\\src\\RandomGenerator.vue","statementMap":{"0":{"start":{"line":17,"column":0},"end":{"line":17,"column":null}},"1":{"start":{"line":23,"column":0},"end":{"line":23,"column":null}},"2":{"start":{"line":24,"column":0},"end":{"line":24,"column":null}}},"fnMap":{"0":{"name":"(anonymous_1)","decl":{"start":{"line":16,"column":0},"end":{"line":16,"column":null}},"loc":{"start":{"line":16,"column":0},"end":{"line":20,"column":null}}},"1":{"name":"(anonymous_2)","decl":{"start":{"line":22,"column":0},"end":{"line":22,"column":null}},"loc":{"start":{"line":22,"column":0},"end":{"line":25,"column":null}}}},"branchMap":{},"s":{"0":2,"1":2,"2":2},"f":{"0":2,"1":2},"b":{}}
}
